<?xml version="1.0" encoding="utf-8" standalone="no"?>
<!--This file represents the results of running a test suite-->
<test-results name="C:\Users\Emily\Documents\GitHub\Test1\test1\bin\Debug\Test1.dll" total="9" errors="0" failures="0" not-run="0" inconclusive="0" ignored="0" skipped="0" invalid="0" date="2015-02-19" time="12:55:45">
  <environment nunit-version="2.6.4.14350" clr-version="2.0.50727.8009" os-version="Microsoft Windows NT 6.2.9200.0" platform="Win32NT" cwd="C:\Program Files (x86)\NUnit 2.6.4\bin" machine-name="EMILY" user="Emily" user-domain="EMILY" />
  <culture-info current-culture="en-US" current-uiculture="en-US" />
  <test-suite type="Assembly" name="C:\Users\Emily\Documents\GitHub\Test1\test1\bin\Debug\Test1.dll" executed="True" result="Success" success="True" time="0.427" asserts="0">
    <results>
      <test-suite type="Namespace" name="ATM_Application" executed="True" result="Success" success="True" time="0.351" asserts="0">
        <results>
          <test-suite type="Namespace" name="UnitTests" executed="True" result="Success" success="True" time="0.350" asserts="0">
            <results>
              <test-suite type="TestFixture" name="AccountTest" executed="True" result="Success" success="True" time="0.277" asserts="0">
                <results>
                  <test-case name="ATM_Application.UnitTests.AccountTest.CheckAccountNum" executed="True" result="Success" success="True" time="0.139" asserts="1" />
                  <test-case name="ATM_Application.UnitTests.AccountTest.CheckBalance" executed="True" result="Success" success="True" time="0.011" asserts="1" />
                  <test-case name="ATM_Application.UnitTests.AccountTest.DepositFunds" executed="True" result="Success" success="True" time="0.003" asserts="1" />
                  <test-case name="ATM_Application.UnitTests.AccountTest.DepositFundsNeg" executed="True" result="Success" success="True" time="0.002" asserts="1" />
                  <test-case name="ATM_Application.UnitTests.AccountTest.WithdrawFunds" executed="True" result="Success" success="True" time="0.003" asserts="1" />
                  <test-case name="ATM_Application.UnitTests.AccountTest.WithdrawFundsInsuffFunds" executed="True" result="Success" success="True" time="0.002" asserts="1" />
                  <test-case name="ATM_Application.UnitTests.AccountTest.WithdrawFundsNeg" executed="True" result="Success" success="True" time="0.002" asserts="1" />
                </results>
              </test-suite>
              <test-suite type="TestFixture" name="CustomerTest" executed="True" result="Success" success="True" time="0.045" asserts="0">
                <results>
                  <test-case name="ATM_Application.UnitTests.CustomerTest.PinDoesNotMatch" executed="True" result="Success" success="True" time="0.031" asserts="1" />
                  <test-case name="ATM_Application.UnitTests.CustomerTest.PinMatch" executed="True" result="Success" success="True" time="0.001" asserts="1" />
                </results>
              </test-suite>
            </results>
          </test-suite>
        </results>
      </test-suite>
    </results>
  </test-suite>
</test-results>